CRITICAL - 2024-07-17 16:36:38 --> Error: Class "App\Controllers\LineasTelefonicasModel" not found
[Method: GET, Route: ver_planes]
in APPPATH\Controllers\Planes.php on line 11.
 1 SYSTEMPATH\CodeIgniter.php(933): App\Controllers\Planes->index()
 2 SYSTEMPATH\CodeIgniter.php(509): CodeIgniter\CodeIgniter->runController(Object(App\Controllers\Planes))
 3 SYSTEMPATH\CodeIgniter.php(355): CodeIgniter\CodeIgniter->handleRequest(null, Object(Config\Cache), false)
 4 SYSTEMPATH\Boot.php(325): CodeIgniter\CodeIgniter->run()
 5 SYSTEMPATH\Boot.php(67): CodeIgniter\Boot::runCodeIgniter(Object(CodeIgniter\CodeIgniter))
 6 FCPATH\index.php(56): CodeIgniter\Boot::bootWeb(Object(Config\Paths))
CRITICAL - 2024-07-17 16:37:18 --> ErrorException: Undefined array key "no_telefono"
[Method: GET, Route: ver_planes]
in APPPATH\Views\planes.php on line 27.
 1 APPPATH\Views\planes.php(27): CodeIgniter\Debug\Exceptions->errorHandler(2, 'Undefined array key "no_telefono"', 'C:\\xampp\\htdocs\\fs2024\\ci4_telefonia\\app\\Views\\planes.php', 27)
 2 SYSTEMPATH\View\View.php(234): include('C:\\xampp\\htdocs\\fs2024\\ci4_telefonia\\app\\Views\\planes.php')
 3 SYSTEMPATH\View\View.php(237): CodeIgniter\View\View->CodeIgniter\View\{closure}()
 4 SYSTEMPATH\Common.php(1171): CodeIgniter\View\View->render('planes', [], true)
 5 APPPATH\Controllers\Planes.php(15): view('planes', [...])
 6 SYSTEMPATH\CodeIgniter.php(933): App\Controllers\Planes->index()
 7 SYSTEMPATH\CodeIgniter.php(509): CodeIgniter\CodeIgniter->runController(Object(App\Controllers\Planes))
 8 SYSTEMPATH\CodeIgniter.php(355): CodeIgniter\CodeIgniter->handleRequest(null, Object(Config\Cache), false)
 9 SYSTEMPATH\Boot.php(325): CodeIgniter\CodeIgniter->run()
10 SYSTEMPATH\Boot.php(67): CodeIgniter\Boot::runCodeIgniter(Object(CodeIgniter\CodeIgniter))
11 FCPATH\index.php(56): CodeIgniter\Boot::bootWeb(Object(Config\Paths))
